
                               Application Times

  Title                           Start          Handle       Elapsed      
----------------------------------------------------------------------------
                                  08:44:55.2780  0x0006090C   00:00:00.0100
  Multi-File Diff Progress        15:26:28.5840  0x00270714   00:00:00.2810
  SlickEdit                       15:26:13.7840  0x000D08A2   00:00:01.6520
  SlickEdit                       07:50:18.4500  0x002C088A   00:00:01.6720
  ASIC PCIX0-1 Regs               06:59:41.8950  0x00150288   00:00:01.8730
  Visual Studio Just-In-Time ...  09:10:10.2610  0x0012081C   00:00:01.9230
  Autoplay                        15:26:24.6890  0x000608EC   00:00:02.0330
  Problem Ejecting USB Mass S...  15:26:59.1970  0x001C074E   00:00:02.0430
  SlickEdit                       07:50:24.6380  0x002D088A   00:00:02.1130
  SlickEdit                       15:26:46.6090  0x00060906   00:00:04.2860
  Visual Studio Just-In-Time ...  08:47:56.7400  0x001708DC   00:00:04.8370
  Enter Password                  08:38:46.1750  0x000D0664   00:00:04.9070
  Visual Studio Just-In-Time ...  08:43:58.7000  0x00170238   00:00:06.1580
  0% of ...C_RigelCalypso460G...  11:45:48.4760  0x0015094C   00:00:08.8020
  DIFFzilla®                      08:32:56.0700  0x0015023A   00:00:08.9320
                                  06:59:41.8950  0x000408EE   00:00:09.1330
  Visual Studio Just-In-Time ...  08:44:43.3220  0x00160834   00:00:11.9460
  ResEdit                         09:42:24.9370  0x002002B0   00:00:13.1780
  DIFFzilla®                      15:26:10.4790  0x00260714   00:00:14.3600
  ASIC PCIX0-2 Regs               06:59:48.9150  0x000109BA   00:00:17.3640
  SlickEdit                       10:16:40.9600  0x000D065E   00:00:18.7660
  Multi-File Diff Output (E:\...  15:26:28.9950  0x00280714   00:00:20.6690
  Total Application Times         09:20:26.5070  0x00180812   00:00:25.6750
  Windows Task Manager            07:18:03.6140  0x001A0848   00:00:26.6970
  ResEdit                         08:47:25.7670  0x00300254   00:00:30.9730
  ResEdit                         08:44:11.7080  0x003C026A   00:00:31.6140
  Activated Windows               07:09:30.0210  0x003D02B6   00:00:32.2250
  Perforce                        10:23:54.9720  0x00200784   00:02:01.9400
                                  09:43:16.4580  0x002A0234   00:02:03.3420
  Windows Internet Explorer       09:57:31.7350  0x0011061E   00:02:08.1170
  Output                          15:45:31.7910  0x001D011C   00:02:45.7310
  Search                          10:21:56.7480  0x001F05D4   00:04:07.8770
  C:\Work\IOP_1.6.440SPe\docs     08:28:51.2790  0x00090054   00:04:12.4810
                                  15:41:08.4260  0x003A088C   00:04:25.7700
  Microsoft Platform SDK Wind...  08:28:44.5300  0x00070136   00:04:42.0130
                                  08:28:48.8160  0x00000000   00:04:50.1030
  1 Reminder                      08:53:19.6580  0x000B052A   00:04:56.5620
  ResEdit                         07:18:57.4190  0x0011092E   00:05:15.1870
  Right Command Prompt            08:28:12.4760  0x000E0150   00:05:27.1250
  Mozilla Firefox                 07:05:49.3350  0x000E0230   00:06:56.0060
  Total Application Times         07:10:02.2460  0x00130920   00:07:40.1380
  New Connection - HyperTermi...  15:30:06.6270  0x00180750   00:08:13.0840
  Search - MSDN Library - Vis...  07:56:03.0180  0x00220828   00:08:21.7970
  Perforce                        08:38:45.9250  0x001804FC   00:14:30.3280
  ResEdit                         08:48:57.4650  0x00330254   00:19:15.3030
  Untitled - Message (Plain T...  08:29:26.4680  0x000B03B0   00:20:42.1650
  Windows Internet Explorer       11:45:30.4210  0x000A0832   00:24:16.7930
  ResEdit                         09:10:17.7520  0x0022025A   00:27:47.2230
  PCI_ADDR.txt - C:\Documents...  09:20:49.6980  0x0013015E   00:36:02.8830
  Gmail - Inbox (2) - miesfel...  08:28:34.8070  0x000E020A   00:37:29.5600
  ResEdit                         07:24:20.7880  0x001508DC   01:05:26.5590
  Adobe Reader - [rexxref.pdf...  08:28:44.7400  0x00110462   01:57:28.3650
  Inbox - Microsoft Outlook       08:29:23.2940  0x00020244   17:55:37.1390
